<?xml version="1.0" encoding="UTF-8" ?>
<testsuite errors="0" failures="1" hostname="M-FYT8NM1" name="tourgambling.CountryTests" tests="1" time="0.745" timestamp="2013-07-26T21:30:19">
  <properties />
  <testcase classname="tourgambling.CountryTests" name="testSomething" time="0.712">
    <failure message="junit.framework.AssertionFailedError: Implement me" type="junit.framework.AssertionFailedError">junit.framework.AssertionFailedError: junit.framework.AssertionFailedError: Implement me
	at tourgambling.CountryTests.testSomething(CountryTests.groovy:30)
</failure>
  </testcase>
  <system-out><![CDATA[]]></system-out>
  <system-err><![CDATA[--Output from testSomething--
]]></system-err>
</testsuite>
